<?xml version="1.0" encoding="utf-8"?><testsuites name="pytest tests"><testsuite name="pytest" errors="4" failures="1" skipped="0" tests="43" time="3.518" timestamp="2026-02-11T07:07:39.739693+00:00" hostname="agent-env-182f0cb4-7aa6-4a38-bf39-731dac920c9f"><testcase classname="backend.tests.test_nexa_eats_api.TestHealth" name="test_health_check" time="0.085" /><testcase classname="backend.tests.test_nexa_eats_api.TestAuthentication" name="test_admin_login_success" time="0.356" /><testcase classname="backend.tests.test_nexa_eats_api.TestAuthentication" name="test_login_invalid_credentials" time="0.040" /><testcase classname="backend.tests.test_nexa_eats_api.TestAuthentication" name="test_register_new_user" time="0.333" /><testcase classname="backend.tests.test_nexa_eats_api.TestAuthentication" name="test_token_refresh" time="0.367" /><testcase classname="backend.tests.test_nexa_eats_api.TestAuthentication" name="test_get_current_user" time="0.036" /><testcase classname="backend.tests.test_nexa_eats_api.TestMenuManagement" name="test_get_all_menu_items" time="0.037" /><testcase classname="backend.tests.test_nexa_eats_api.TestMenuManagement" name="test_create_menu_item" time="0.043" /><testcase classname="backend.tests.test_nexa_eats_api.TestMenuManagement" name="test_get_menu_item_by_id" time="0.071" /><testcase classname="backend.tests.test_nexa_eats_api.TestMenuManagement" name="test_update_menu_item" time="0.037" /><testcase classname="backend.tests.test_nexa_eats_api.TestMenuManagement" name="test_get_menu_categories" time="0.037" /><testcase classname="backend.tests.test_nexa_eats_api.TestMenuManagement" name="test_get_popular_items" time="0.033" /><testcase classname="backend.tests.test_nexa_eats_api.TestMenuManagement" name="test_delete_menu_item" time="0.110" /><testcase classname="backend.tests.test_nexa_eats_api.TestTableManagement" name="test_get_all_tables" time="0.041" /><testcase classname="backend.tests.test_nexa_eats_api.TestTableManagement" name="test_create_table" time="0.036"><failure message="AssertionError: Failed: {'success': False, 'message': '`Indoor` is not a valid enum value for path `location`.'}&#10;assert 400 == 201&#10; +  where 400 = &lt;Response [400]&gt;.status_code">backend/tests/test_nexa_eats_api.py:211: in test_create_table
    assert response.status_code == 201, f"Failed: {response.json()}"
E   AssertionError: Failed: {'success': False, 'message': '`Indoor` is not a valid enum value for path `location`.'}
E   assert 400 == 201
E    +  where 400 = &lt;Response [400]&gt;.status_code</failure></testcase><testcase classname="backend.tests.test_nexa_eats_api.TestTableManagement" name="test_get_table_stats" time="0.037" /><testcase classname="backend.tests.test_nexa_eats_api.TestTableManagement" name="test_update_table_status" time="0.032"><error message="failed on setup with &quot;AssertionError: Table creation failed: {'success': False, 'message': '`Test Area` is not a valid enum value for path `location`.'}&#10;assert 400 == 201&#10; +  where 400 = &lt;Response [400]&gt;.status_code&quot;">backend/tests/test_nexa_eats_api.py:577: in created_table_id
    assert response.status_code == 201, f"Table creation failed: {response.json()}"
E   AssertionError: Table creation failed: {'success': False, 'message': '`Test Area` is not a valid enum value for path `location`.'}
E   assert 400 == 201
E    +  where 400 = &lt;Response [400]&gt;.status_code</error></testcase><testcase classname="backend.tests.test_nexa_eats_api.TestTableManagement" name="test_delete_table" time="0.000"><error message="failed on setup with &quot;AssertionError: Table creation failed: {'success': False, 'message': '`Test Area` is not a valid enum value for path `location`.'}&#10;assert 400 == 201&#10; +  where 400 = &lt;Response [400]&gt;.status_code&quot;">backend/tests/test_nexa_eats_api.py:577: in created_table_id
    assert response.status_code == 201, f"Table creation failed: {response.json()}"
E   AssertionError: Table creation failed: {'success': False, 'message': '`Test Area` is not a valid enum value for path `location`.'}
E   assert 400 == 201
E    +  where 400 = &lt;Response [400]&gt;.status_code</error></testcase><testcase classname="backend.tests.test_nexa_eats_api.TestOrderManagement" name="test_get_all_orders" time="0.048" /><testcase classname="backend.tests.test_nexa_eats_api.TestOrderManagement" name="test_create_order" time="0.081" /><testcase classname="backend.tests.test_nexa_eats_api.TestOrderManagement" name="test_get_order_by_id" time="0.073" /><testcase classname="backend.tests.test_nexa_eats_api.TestOrderManagement" name="test_update_order_status" time="0.038" /><testcase classname="backend.tests.test_nexa_eats_api.TestOrderManagement" name="test_update_order_payment" time="0.036" /><testcase classname="backend.tests.test_nexa_eats_api.TestOrderManagement" name="test_get_kitchen_orders" time="0.034" /><testcase classname="backend.tests.test_nexa_eats_api.TestOrderManagement" name="test_get_today_orders" time="0.036" /><testcase classname="backend.tests.test_nexa_eats_api.TestInventoryManagement" name="test_get_all_inventory" time="0.034" /><testcase classname="backend.tests.test_nexa_eats_api.TestInventoryManagement" name="test_create_inventory_item" time="0.037" /><testcase classname="backend.tests.test_nexa_eats_api.TestInventoryManagement" name="test_get_low_stock_items" time="0.035" /><testcase classname="backend.tests.test_nexa_eats_api.TestInventoryManagement" name="test_get_inventory_stats" time="0.033" /><testcase classname="backend.tests.test_nexa_eats_api.TestInventoryManagement" name="test_restock_item" time="0.035"><error message="failed on setup with &quot;AssertionError: Inventory creation failed: {'success': False, 'message': '`test` is not a valid enum value for path `category`.'}&#10;assert 400 == 201&#10; +  where 400 = &lt;Response [400]&gt;.status_code&quot;">backend/tests/test_nexa_eats_api.py:612: in created_inventory_item_id
    assert response.status_code == 201, f"Inventory creation failed: {response.json()}"
E   AssertionError: Inventory creation failed: {'success': False, 'message': '`test` is not a valid enum value for path `category`.'}
E   assert 400 == 201
E    +  where 400 = &lt;Response [400]&gt;.status_code</error></testcase><testcase classname="backend.tests.test_nexa_eats_api.TestInventoryManagement" name="test_delete_inventory_item" time="0.000"><error message="failed on setup with &quot;AssertionError: Inventory creation failed: {'success': False, 'message': '`test` is not a valid enum value for path `category`.'}&#10;assert 400 == 201&#10; +  where 400 = &lt;Response [400]&gt;.status_code&quot;">backend/tests/test_nexa_eats_api.py:612: in created_inventory_item_id
    assert response.status_code == 201, f"Inventory creation failed: {response.json()}"
E   AssertionError: Inventory creation failed: {'success': False, 'message': '`test` is not a valid enum value for path `category`.'}
E   assert 400 == 201
E    +  where 400 = &lt;Response [400]&gt;.status_code</error></testcase><testcase classname="backend.tests.test_nexa_eats_api.TestUserManagement" name="test_get_all_users" time="0.043" /><testcase classname="backend.tests.test_nexa_eats_api.TestUserManagement" name="test_create_user_admin" time="0.331" /><testcase classname="backend.tests.test_nexa_eats_api.TestUserManagement" name="test_get_user_by_id" time="0.377" /><testcase classname="backend.tests.test_nexa_eats_api.TestUserManagement" name="test_update_user" time="0.051" /><testcase classname="backend.tests.test_nexa_eats_api.TestUserManagement" name="test_delete_user" time="0.066" /><testcase classname="backend.tests.test_nexa_eats_api.TestAnalytics" name="test_get_dashboard_analytics" time="0.038" /><testcase classname="backend.tests.test_nexa_eats_api.TestAnalytics" name="test_get_sales_analytics" time="0.035" /><testcase classname="backend.tests.test_nexa_eats_api.TestAnalytics" name="test_get_top_items" time="0.033" /><testcase classname="backend.tests.test_nexa_eats_api.TestAIFeatures" name="test_sales_prediction" time="0.034" /><testcase classname="backend.tests.test_nexa_eats_api.TestAIFeatures" name="test_food_recommendations" time="0.036" /><testcase classname="backend.tests.test_nexa_eats_api.TestAIFeatures" name="test_inventory_forecast" time="0.037" /><testcase classname="backend.tests.test_nexa_eats_api.TestAIFeatures" name="test_ai_assistant" time="0.032" /></testsuite></testsuites>