<?xml version="1.0" encoding="utf-8"?><testsuites name="pytest tests"><testsuite name="pytest" errors="0" failures="0" skipped="0" tests="43" time="3.624" timestamp="2026-02-11T07:08:08.692252+00:00" hostname="agent-env-182f0cb4-7aa6-4a38-bf39-731dac920c9f"><testcase classname="backend.tests.test_nexa_eats_api.TestHealth" name="test_health_check" time="0.064" /><testcase classname="backend.tests.test_nexa_eats_api.TestAuthentication" name="test_admin_login_success" time="0.345" /><testcase classname="backend.tests.test_nexa_eats_api.TestAuthentication" name="test_login_invalid_credentials" time="0.036" /><testcase classname="backend.tests.test_nexa_eats_api.TestAuthentication" name="test_register_new_user" time="0.325" /><testcase classname="backend.tests.test_nexa_eats_api.TestAuthentication" name="test_token_refresh" time="0.378" /><testcase classname="backend.tests.test_nexa_eats_api.TestAuthentication" name="test_get_current_user" time="0.037" /><testcase classname="backend.tests.test_nexa_eats_api.TestMenuManagement" name="test_get_all_menu_items" time="0.038" /><testcase classname="backend.tests.test_nexa_eats_api.TestMenuManagement" name="test_create_menu_item" time="0.038" /><testcase classname="backend.tests.test_nexa_eats_api.TestMenuManagement" name="test_get_menu_item_by_id" time="0.070" /><testcase classname="backend.tests.test_nexa_eats_api.TestMenuManagement" name="test_update_menu_item" time="0.039" /><testcase classname="backend.tests.test_nexa_eats_api.TestMenuManagement" name="test_get_menu_categories" time="0.034" /><testcase classname="backend.tests.test_nexa_eats_api.TestMenuManagement" name="test_get_popular_items" time="0.035" /><testcase classname="backend.tests.test_nexa_eats_api.TestMenuManagement" name="test_delete_menu_item" time="0.107" /><testcase classname="backend.tests.test_nexa_eats_api.TestTableManagement" name="test_get_all_tables" time="0.037" /><testcase classname="backend.tests.test_nexa_eats_api.TestTableManagement" name="test_create_table" time="0.037" /><testcase classname="backend.tests.test_nexa_eats_api.TestTableManagement" name="test_get_table_stats" time="0.032" /><testcase classname="backend.tests.test_nexa_eats_api.TestTableManagement" name="test_update_table_status" time="0.068" /><testcase classname="backend.tests.test_nexa_eats_api.TestTableManagement" name="test_delete_table" time="0.068" /><testcase classname="backend.tests.test_nexa_eats_api.TestOrderManagement" name="test_get_all_orders" time="0.042" /><testcase classname="backend.tests.test_nexa_eats_api.TestOrderManagement" name="test_create_order" time="0.081" /><testcase classname="backend.tests.test_nexa_eats_api.TestOrderManagement" name="test_get_order_by_id" time="0.075" /><testcase classname="backend.tests.test_nexa_eats_api.TestOrderManagement" name="test_update_order_status" time="0.039" /><testcase classname="backend.tests.test_nexa_eats_api.TestOrderManagement" name="test_update_order_payment" time="0.036" /><testcase classname="backend.tests.test_nexa_eats_api.TestOrderManagement" name="test_get_kitchen_orders" time="0.041" /><testcase classname="backend.tests.test_nexa_eats_api.TestOrderManagement" name="test_get_today_orders" time="0.033" /><testcase classname="backend.tests.test_nexa_eats_api.TestInventoryManagement" name="test_get_all_inventory" time="0.032" /><testcase classname="backend.tests.test_nexa_eats_api.TestInventoryManagement" name="test_create_inventory_item" time="0.034" /><testcase classname="backend.tests.test_nexa_eats_api.TestInventoryManagement" name="test_get_low_stock_items" time="0.035" /><testcase classname="backend.tests.test_nexa_eats_api.TestInventoryManagement" name="test_get_inventory_stats" time="0.036" /><testcase classname="backend.tests.test_nexa_eats_api.TestInventoryManagement" name="test_restock_item" time="0.072" /><testcase classname="backend.tests.test_nexa_eats_api.TestInventoryManagement" name="test_delete_inventory_item" time="0.063" /><testcase classname="backend.tests.test_nexa_eats_api.TestUserManagement" name="test_get_all_users" time="0.034" /><testcase classname="backend.tests.test_nexa_eats_api.TestUserManagement" name="test_create_user_admin" time="0.321" /><testcase classname="backend.tests.test_nexa_eats_api.TestUserManagement" name="test_get_user_by_id" time="0.381" /><testcase classname="backend.tests.test_nexa_eats_api.TestUserManagement" name="test_update_user" time="0.038" /><testcase classname="backend.tests.test_nexa_eats_api.TestUserManagement" name="test_delete_user" time="0.064" /><testcase classname="backend.tests.test_nexa_eats_api.TestAnalytics" name="test_get_dashboard_analytics" time="0.037" /><testcase classname="backend.tests.test_nexa_eats_api.TestAnalytics" name="test_get_sales_analytics" time="0.039" /><testcase classname="backend.tests.test_nexa_eats_api.TestAnalytics" name="test_get_top_items" time="0.039" /><testcase classname="backend.tests.test_nexa_eats_api.TestAIFeatures" name="test_sales_prediction" time="0.049" /><testcase classname="backend.tests.test_nexa_eats_api.TestAIFeatures" name="test_food_recommendations" time="0.040" /><testcase classname="backend.tests.test_nexa_eats_api.TestAIFeatures" name="test_inventory_forecast" time="0.036" /><testcase classname="backend.tests.test_nexa_eats_api.TestAIFeatures" name="test_ai_assistant" time="0.034" /></testsuite></testsuites>